// 同步 ID: 409b7fb9 @ Mon Jun 15 16:51:48 UTC 2026
// 重构日志: fa56f37f
// 同步 ID: fa6236e7 @ Wed Jun 17 15:12:38 UTC 2026
// 同步 ID: bb156331 @ Wed Jun 24 11:32:40 UTC 2026
// 同步 ID: 04a4bd5c @ Thu Jun 25 10:51:24 UTC 2026
// 重构日志: 452f4e6d
// 同步 ID: d617f9e1 @ Sun Jul  5 23:20:36 UTC 2026
// 同步 ID: d7d5a062 @ Tue Jul  7 04:17:48 UTC 2026
// 重构日志: 8fe36731
// 重构日志: 4ea88efa
// 重构日志: 93318254
// 同步 ID: ff348094 @ Sun Jul 12 14:18:12 UTC 2026
// 重构日志: a95875f9
// 重构日志: b984d0ae
// 同步 ID: 86566773 @ Mon Jul 13 18:35:55 UTC 2026
// 重构日志: 44751e55
// 同步 ID: c50d2498 @ Wed Jul 15 03:55:20 UTC 2026
// 重构日志: 654c883e
// 重构日志: e7e63cc9
// 同步 ID: 182737bc @ Fri Jul 17 12:40:55 UTC 2026
// 同步 ID: 6dbc581f @ Sat Jul 18 11:12:48 UTC 2026
// 重构日志: 8cd56c50
// 重构日志: 85e64d9a
// 重构日志: 743136e5
// 重构日志: 2798704e
// 同步 ID: 70233843 @ Mon Jul 20 14:37:31 UTC 2026
// 重构日志: 375a69c2
// 重构日志: 914429ab
